{"level":"info","ts":"2024/04/19 - 11:30:57","msg":"Starting ECHO server in port 8000"}
{"level":"info","ts":"2024/04/19 - 11:41:17","msg":"Starting ECHO server in port 8000"}
{"level":"info","ts":"2024/04/19 - 12:43:53","msg":"Starting ECHO server in port 8000"}
{"level":"info","ts":"2024/04/19 - 12:44:02","msg":"request logging","URI":"/api/v1/heartbeat","status":200,"latency":"16.5µs"}
{"level":"info","ts":"2024/04/19 - 12:57:52","msg":"Starting ECHO server in port 8000"}
{"level":"info","ts":"2024/04/19 - 13:43:57","msg":"Starting ECHO server in port 8000"}
{"level":"info","ts":"2024/04/19 - 13:44:03","msg":"request logging","URI":"/api/v1/heartbeat","status":200,"latency":"3.084µs","payload":""}
{"level":"info","ts":"2024/04/19 - 15:34:52","msg":"Starting ECHO server in port 8000"}
{"level":"info","ts":"2024/04/19 - 15:34:59","msg":"request logging","URI":"/api/v1/heartbeat","status":200,"latency":"6.625µs","payload":""}
{"level":"info","ts":"2024/04/19 - 15:36:29","msg":"Starting ECHO server in port 8000"}
{"level":"info","ts":"2024/04/19 - 15:37:24","msg":"request logging","URI":"/api/v1/heartbeat","status":200,"latency":"81.5µs","payload":""}
{"level":"info","ts":"2024/04/19 - 15:38:26","msg":"Starting ECHO server in port 8000"}
{"level":"info","ts":"2024/04/19 - 15:38:30","msg":"request logging","URI":"/api/v1/prod-tracking/salesorder/status","status":200,"latency":"712.417µs","payload":"{}"}
{"level":"info","ts":"2024/04/19 - 15:38:48","msg":"request logging","URI":"/api/v1/prod-tracking/salesorder/status","status":200,"latency":"22.875µs","payload":"{\n    \"name\": \"John Doe\"\n}"}
{"level":"info","ts":"2024/04/19 - 15:41:00","msg":"Starting ECHO server in port 8000"}
{"level":"info","ts":"2024/04/19 - 15:41:04","msg":"request logging","URI":"/api/v1/prod-tracking/salesorder/status","status":400,"latency":"402.917µs","payload":""}
{"level":"info","ts":"2024/04/19 - 15:51:43","msg":"request logging","URI":"/api/v1/prod-tracking/salesorder/status","status":400,"latency":"74.5µs","payload":""}
{"level":"info","ts":"2024/04/19 - 15:51:47","msg":"request logging","URI":"/api/v1/prod-tracking/salesorder/status","status":400,"latency":"42.875µs","payload":""}
{"level":"info","ts":"2024/04/19 - 16:26:17","msg":"Starting ECHO server in port 8000"}
{"level":"info","ts":"2024/04/19 - 16:26:23","msg":"request logging","URI":"/api/v1/prod-tracking/salesorder/status","status":400,"latency":"772.875µs","payload":""}
{"level":"info","ts":"2024/04/19 - 16:27:26","msg":"Starting ECHO server in port 8000"}
{"level":"info","ts":"2024/04/19 - 16:27:30","msg":"request logging","URI":"/api/v1/prod-tracking/salesorder/status","status":400,"latency":"768.625µs","payload":""}
{"level":"info","ts":"2024/04/19 - 16:29:52","msg":"Starting ECHO server in port 8000"}
{"level":"info","ts":"2024/04/19 - 16:29:56","msg":"request logging","URI":"/api/v1/prod-tracking/salesorder/status","status":400,"latency":"622µs","payload":""}
{"level":"info","ts":"2024/04/19 - 16:38:17","msg":"Starting ECHO server in port 8000"}
{"level":"info","ts":"2024/04/19 - 16:38:20","msg":"request logging","URI":"/api/v1/prod-tracking/salesorder/status","status":400,"latency":"294.334µs","payload":""}
{"level":"info","ts":"2024/04/19 - 16:42:03","msg":"Starting ECHO server in port 8000"}
{"level":"info","ts":"2024/04/19 - 16:42:06","msg":"request logging","URI":"/api/v1/prod-tracking/salesorder/status","status":400,"latency":"724.542µs","payload":""}
{"level":"info","ts":"2024/04/19 - 16:43:19","msg":"Starting ECHO server in port 8000"}
{"level":"info","ts":"2024/04/19 - 16:43:22","msg":"request logging","URI":"/api/v1/prod-tracking/salesorder/status","status":400,"latency":"355.959µs","payload":""}
{"level":"info","ts":"2024/04/19 - 16:43:23","msg":"request logging","URI":"/api/v1/prod-tracking/salesorder/status","status":400,"latency":"87.875µs","payload":""}
{"level":"info","ts":"2024/04/19 - 16:43:38","msg":"request logging","URI":"/api/v1/prod-tracking/salesorder/status","status":400,"latency":"84.75µs","payload":""}
{"level":"info","ts":"2024/04/19 - 16:44:03","msg":"request logging","URI":"/api/v1/prod-tracking/salesorder/status","status":400,"latency":"139.917µs","payload":""}
{"level":"info","ts":"2024/04/19 - 16:44:12","msg":"request logging","URI":"/api/v1/prod-tracking/salesorder/status","status":400,"latency":"240.333µs","payload":""}
{"level":"info","ts":"2024/04/19 - 16:44:17","msg":"request logging","URI":"/api/v1/prod-tracking/salesorder/status","status":400,"latency":"269.167µs","payload":""}
{"level":"info","ts":"2024/04/19 - 16:44:26","msg":"request logging","URI":"/api/v1/prod-tracking/salesorder/status","status":200,"latency":"100.458µs","payload":""}
{"level":"info","ts":"2024/04/19 - 16:44:31","msg":"request logging","URI":"/api/v1/prod-tracking/salesorder/status","status":200,"latency":"62.834µs","payload":""}
{"level":"info","ts":"2024/04/19 - 16:46:16","msg":"request logging","URI":"/api/v1/prod-tracking/salesorder/status","status":200,"latency":"80.292µs","payload":""}
{"level":"info","ts":"2024/04/19 - 16:47:44","msg":"Starting ECHO server in port 8000"}
{"level":"info","ts":"2024/04/19 - 16:47:47","msg":"request logging","URI":"/api/v1/prod-tracking/salesorder/status","status":200,"latency":"444.5µs","payload":""}
{"level":"info","ts":"2024/04/19 - 16:48:21","msg":"Starting ECHO server in port 8000"}
{"level":"info","ts":"2024/04/19 - 16:48:25","msg":"request logging","URI":"/api/v1/prod-tracking/salesorder/status","status":200,"latency":"620.667µs","payload":"{\n    \"name\": \"hello world!\",\n    \"id\": 123\n}"}
{"level":"info","ts":"2024/04/19 - 16:50:15","msg":"Starting ECHO server in port 8000"}
{"level":"info","ts":"2024/04/19 - 16:50:56","msg":"request logging","URI":"/api/v1/prod-tracking/salesorder/status","status":200,"latency":"636.083µs","payload":""}
{"level":"info","ts":"2024/04/19 - 16:51:35","msg":"Starting ECHO server in port 8000"}
{"level":"info","ts":"2024/04/19 - 16:51:40","msg":"request logging","URI":"/api/v1/prod-tracking/salesorder/status","status":200,"latency":"805.584µs","payload":""}
{"level":"info","ts":"2024/04/19 - 17:08:20","msg":"Starting ECHO server in port 8000"}
{"level":"info","ts":"2024/04/19 - 17:08:26","msg":"request logging","URI":"/api/v1/prod-tracking/salesorder/status","status":200,"latency":"1.506333ms","payload":""}
{"level":"info","ts":"2024/04/19 - 17:12:23","msg":"Starting ECHO server in port 8000"}
{"level":"info","ts":"2024/04/19 - 17:12:26","msg":"request logging","URI":"/api/v1/prod-tracking/salesorder/status","status":200,"latency":"493µs","payload":""}
{"level":"info","ts":"2024/04/19 - 17:12:51","msg":"Starting ECHO server in port 8000"}
{"level":"info","ts":"2024/04/19 - 17:12:55","msg":"request logging","URI":"/api/v1/prod-tracking/salesorder/status","status":200,"latency":"448.458µs","payload":""}
{"level":"info","ts":"2024/04/19 - 17:14:59","msg":"Starting ECHO server in port 8000"}
{"level":"info","ts":"2024/04/19 - 17:15:04","msg":"request logging","URI":"/api/v1/prod-tracking/salesorder/status","status":200,"latency":"534.625µs","payload":""}
{"level":"info","ts":"2024/04/19 - 17:24:13","msg":"Starting ECHO server in port 8000"}
{"level":"info","ts":"2024/04/19 - 17:24:17","msg":"request logging","URI":"/api/v1/prod-tracking/salesorder/status","status":200,"latency":"234.208µs","payload":""}
{"level":"info","ts":"2024/04/19 - 17:26:44","msg":"Starting ECHO server in port 8000"}
{"level":"info","ts":"2024/04/19 - 17:26:47","msg":"request logging","URI":"/api/v1/prod-tracking/salesorder/status","status":200,"latency":"760.875µs","payload":"{\n    \"name\": \"hello world!\",\n    \"id\": 123\n}"}
{"level":"info","ts":"2024/04/19 - 17:27:05","msg":"Starting ECHO server in port 8000"}
{"level":"info","ts":"2024/04/19 - 17:27:08","msg":"request logging","URI":"/api/v1/prod-tracking/salesorder/status","status":200,"latency":"1.272ms","payload":"{\n    \"name\": \"hello world!\",\n    \"id\": 123\n}"}
{"level":"info","ts":"2024/04/19 - 17:27:08","msg":"request logging","URI":"/api/v1/prod-tracking/salesorder/status","status":200,"latency":"43.208µs","payload":"{\n    \"name\": \"hello world!\",\n    \"id\": 123\n}"}
{"level":"info","ts":"2024/04/19 - 17:29:34","msg":"Starting ECHO server in port 8000"}
{"level":"info","ts":"2024/04/19 - 17:29:37","msg":"request logging","URI":"/api/v1/prod-tracking/salesorder/status","status":200,"latency":"453.708µs","payload":"{\n    \"name\": \"hello world!\",\n    \"id\": 123\n}"}
